<?xml version="1.0" encoding="UTF-8"?>
<!-- Generated by org.testng.reporters.JUnitReportReporter -->
<testsuite hostname="IN-2KFZ9K3" failures="0" tests="1" name="com.qa.rest.test.BasicAPIRequest" time="2.112" errors="0" timestamp="2022-09-09T18:01:51 IST" skipped="0">
  <testcase classname="com.qa.rest.test.BasicAPIRequest" name="verifyGETRequest" time="2.112"/>
  <system-out/>
</testsuite> <!-- com.qa.rest.test.BasicAPIRequest -->
