<?xml version="1.0" encoding="UTF-8"?>
<!-- Generated by org.testng.reporters.JUnitReportReporter -->
<testsuite hostname="IN-2KFZ9K3" failures="0" tests="1" name="com.qa.rest.test.DemoAuthAPITest" time="2.464" errors="0" timestamp="2022-09-13T18:10:59 IST" skipped="0">
  <testcase classname="com.qa.rest.test.DemoAuthAPITest" name="verifyOAuth1" time="2.464"/>
  <system-out/>
</testsuite> <!-- com.qa.rest.test.DemoAuthAPITest -->
