<?xml version="1.0" encoding="UTF-8"?>
<!-- Generated by org.testng.reporters.JUnitReportReporter -->
<testsuite hostname="IN-2KFZ9K3" failures="0" tests="1" name="com.qa.rest.test.DemoPUTRequest" time="1.246" errors="0" timestamp="2022-09-14T10:55:21 IST" skipped="0">
  <testcase classname="com.qa.rest.test.DemoPUTRequest" name="verifyPUTRequest" time="1.246"/>
  <system-out/>
</testsuite> <!-- com.qa.rest.test.DemoPUTRequest -->
