<?xml version="1.0" encoding="UTF-8"?>
<!-- Generated by org.testng.reporters.JUnitReportReporter -->
<testsuite hostname="IN-2KFZ9K3" failures="0" tests="1" name="com.qa.rest.test.DemoGETAPIRequest" time="1.899" errors="0" timestamp="2022-09-14T16:08:05 IST" skipped="0">
  <testcase classname="com.qa.rest.test.DemoGETAPIRequest" name="verifyGETExtractResult" time="1.899"/>
  <system-out/>
</testsuite> <!-- com.qa.rest.test.DemoGETAPIRequest -->
