<?xml version="1.0" encoding="UTF-8"?>
<!-- Generated by org.testng.reporters.JUnitReportReporter -->
<testsuite hostname="IN-2KFZ9K3" failures="0" tests="1" name="com.qa.rest.test.Demo_NestedJSON" time="0.003" errors="0" timestamp="2022-09-15T11:21:35 IST" skipped="0">
  <testcase classname="com.qa.rest.test.Demo_NestedJSON" name="readJSONPayload" time="0.003"/>
  <system-out/>
</testsuite> <!-- com.qa.rest.test.Demo_NestedJSON -->
