<?xml version="1.0" encoding="UTF-8"?>
<!-- Generated by org.testng.reporters.JUnitReportReporter -->
<testsuite hostname="IN-2KFZ9K3" failures="0" tests="1" name="com.qa.rest.test.DemoPOSTAPIRequest" time="1.440" errors="0" timestamp="2022-09-14T16:13:40 IST" skipped="0">
  <testcase classname="com.qa.rest.test.DemoPOSTAPIRequest" name="verifyPOSTRequestUsingJSONFile" time="1.440"/>
  <system-out/>
</testsuite> <!-- com.qa.rest.test.DemoPOSTAPIRequest -->
