<?xml version="1.0" encoding="UTF-8"?>
<!-- Generated by org.testng.reporters.JUnitReportReporter -->
<testsuite hostname="IN-2KFZ9K3" failures="0" tests="1" name="com.qa.rest.test.DemoDELETERequest" time="0.871" errors="0" timestamp="2022-09-11T00:44:46 IST" skipped="0">
  <testcase classname="com.qa.rest.test.DemoDELETERequest" name="verifyDeleteRequest" time="0.871"/>
  <system-out/>
</testsuite> <!-- com.qa.rest.test.DemoDELETERequest -->
